<?xml version="1.0" encoding="UTF-8"?>
<!-- Generated by org.testng.reporters.JUnitXMLReporter -->
<testsuite ignored="0" hostname="CFCOM4100" failures="0" tests="3" name="Default test" time="39.877" errors="0" timestamp="2024-12-05T18:14:34 IST">
  <testcase classname="MavenDemoProject.DemoSona" name="Browser" time="3.004"/>
  <testcase classname="MavenDemoProject.DemoSona" name="login" time="34.635"/>
  <testcase classname="MavenDemoProject.DemoSona" name="profile" time="2.171"/>
</testsuite> <!-- Default test -->
