<?xml version="1.0" encoding="UTF-8"?>
<!-- Generated by org.testng.reporters.JUnitXMLReporter -->
<testsuite ignored="0" hostname="CFCOM4100" failures="0" tests="4" name="Test" time="14.423" errors="0" timestamp="2025-02-10T16:58:00 IST">
  <testcase classname="TestNGDemo.GroupingSauceDemo" name="OpenBrowsers" time="1.945"/>
  <testcase classname="TestNGDemo.GroupingSauceDemo" name="LoginPage" time="3.239"/>
  <testcase classname="TestNGDemo.GroupingSauceDemo" name="SideMenu" time="6.688"/>
  <testcase classname="TestNGDemo.GroupingSauceDemo" name="tearDown" time="2.444"/>
</testsuite> <!-- Test -->
