<?xml version="1.0" encoding="UTF-8"?>
<!-- Generated by org.testng.reporters.JUnitXMLReporter -->
<testsuite ignored="3" hostname="CFCOM4100" failures="0" tests="0" time="0.002" errors="0" timestamp="2024-11-29T16:58:38 IST">
  <testcase classname="TestNGDemo.GroupingSauceDemo" name="tearDown" time="0.0">
    <ignored/>
  </testcase> <!-- tearDown -->
  <testcase classname="TestNGDemo.GroupingSauceDemo" name="LoginPage" time="0.0">
    <ignored/>
  </testcase> <!-- LoginPage -->
  <testcase classname="TestNGDemo.GroupingSauceDemo" name="OpenBrowsers" time="0.0">
    <ignored/>
  </testcase> <!-- OpenBrowsers -->
</testsuite>
