<?xml version="1.0" encoding="UTF-8"?>
<!-- Generated by org.testng.reporters.JUnitXMLReporter -->
<testsuite ignored="2" hostname="CFCOM4100" failures="0" tests="1" name="OpenBrowserTest" time="2.02" errors="0" timestamp="2024-11-29T16:58:38 IST">
  <testcase classname="TestNGDemo.GroupingSauceDemo" name="OpenBrowsers" time="1.948"/>
  <testcase classname="TestNGDemo.GroupingSauceDemo" name="tearDown" time="0.0">
    <ignored/>
  </testcase> <!-- tearDown -->
  <testcase classname="TestNGDemo.GroupingSauceDemo" name="LoginPage" time="0.0">
    <ignored/>
  </testcase> <!-- LoginPage -->
</testsuite> <!-- OpenBrowserTest -->
