<?xml version="1.0" encoding="UTF-8"?>
<!-- Generated by org.testng.reporters.JUnitXMLReporter -->
<testsuite ignored="0" hostname="CFCOM4100" failures="0" tests="4" name="Test" time="15.822" errors="0" timestamp="2024-12-03T18:22:01 IST">
  <testcase classname="TestNGDemo.GroupingSauceDemo" name="OpenBrowsers" time="2.776"/>
  <testcase classname="TestNGDemo.GroupingSauceDemo" name="LoginPage" time="3.864"/>
  <testcase classname="TestNGDemo.GroupingSauceDemo" name="SideMenu" time="6.549"/>
  <testcase classname="TestNGDemo.GroupingSauceDemo" name="tearDown" time="2.414"/>
</testsuite> <!-- Test -->
