<?xml version="1.0" encoding="UTF-8"?>
<!-- Generated by org.testng.reporters.JUnitXMLReporter -->
<testsuite ignored="0" hostname="CFCOM4100" failures="0" tests="4" name="Test" time="14.731" errors="0" timestamp="2024-12-17T17:19:12 IST">
  <testcase classname="TestNGDemo.GroupingSauceDemo" name="OpenBrowsers" time="2.247"/>
  <testcase classname="TestNGDemo.GroupingSauceDemo" name="LoginPage" time="3.372"/>
  <testcase classname="TestNGDemo.GroupingSauceDemo" name="SideMenu" time="6.56"/>
  <testcase classname="TestNGDemo.GroupingSauceDemo" name="tearDown" time="2.47"/>
</testsuite> <!-- Test -->
