<?xml version="1.0" encoding="UTF-8"?>
<testng-results ignored="0" total="3" passed="3" failed="0" skipped="0">
  <reporter-output>
  </reporter-output>
  <suite started-at="2024-12-05T18:13:54 IST" name="Default suite" finished-at="2024-12-05T18:14:34 IST" duration-ms="39877">
    <groups>
    </groups>
    <test started-at="2024-12-05T18:13:54 IST" name="Default test" finished-at="2024-12-05T18:14:34 IST" duration-ms="39877">
      <class name="MavenDemoProject.DemoSona">
        <test-method signature="Browser()[pri:1, instance:MavenDemoProject.DemoSona@10683d9d]" started-at="2024-12-05T18:13:54 IST" name="Browser" finished-at="2024-12-05T18:13:57 IST" duration-ms="3004" status="PASS">
          <reporter-output>
          </reporter-output>
        </test-method> <!-- Browser -->
        <test-method signature="login(org.testng.ITestContext)[pri:2, instance:MavenDemoProject.DemoSona@10683d9d]" started-at="2024-12-05T18:13:57 IST" name="login" finished-at="2024-12-05T18:14:32 IST" duration-ms="34635" status="PASS">
          <params>
            <param index="0">
              <value>
                <![CDATA[org.testng.TestRunner@4879f0f2]]>
              </value>
            </param>
          </params>
          <reporter-output>
          </reporter-output>
        </test-method> <!-- login -->
        <test-method signature="profile(org.testng.ITestContext)[pri:3, instance:MavenDemoProject.DemoSona@10683d9d]" started-at="2024-12-05T18:14:32 IST" name="profile" finished-at="2024-12-05T18:14:34 IST" depends-on-methods="MavenDemoProject.DemoSona.login" duration-ms="2171" status="PASS">
          <params>
            <param index="0">
              <value>
                <![CDATA[org.testng.TestRunner@4879f0f2]]>
              </value>
            </param>
          </params>
          <reporter-output>
          </reporter-output>
        </test-method> <!-- profile -->
      </class> <!-- MavenDemoProject.DemoSona -->
    </test> <!-- Default test -->
  </suite> <!-- Default suite -->
</testng-results>
