<?xml version="1.0" encoding="UTF-8"?>
<!-- Generated by org.testng.reporters.JUnitXMLReporter -->
<testsuite ignored="2" hostname="CFCOM4100" failures="0" tests="1" name="OpenBrowserTest" time="1.91" errors="0" timestamp="2024-11-29T17:01:00 IST">
  <testcase classname="TestNGDemo.GroupingSauceDemo" name="OpenBrowsers" time="1.853"/>
  <testcase classname="TestNGDemo.GroupingSauceDemo" name="LoginPage" time="0.0">
    <ignored/>
  </testcase> <!-- LoginPage -->
  <testcase classname="TestNGDemo.GroupingSauceDemo" name="tearDown" time="0.0">
    <ignored/>
  </testcase> <!-- tearDown -->
</testsuite> <!-- OpenBrowserTest -->
