<?xml version="1.0" encoding="UTF-8"?>
<!-- Generated by org.testng.reporters.JUnitXMLReporter -->
<testsuite ignored="2" hostname="CFCOM4100" failures="1" tests="1" name="TearDownTest" time="0.01" errors="0" timestamp="2024-11-29T17:01:01 IST">
  <testcase classname="TestNGDemo.GroupingSauceDemo" name="tearDown" time="0.002">
    <failure type="java.lang.NullPointerException" message="Cannot invoke &amp;quot;org.openqa.selenium.WebDriver.quit()&amp;quot; because &amp;quot;this.driver&amp;quot; is null">
      <![CDATA[java.lang.NullPointerException: Cannot invoke "org.openqa.selenium.WebDriver.quit()" because "this.driver" is null
at TestNGDemo.GroupingSauceDemo.tearDown(GroupingSauceDemo.java:36)
at java.base/java.util.ArrayList.forEach(ArrayList.java:1597)
... Removed 25 stack frames]]>
    </failure>
  </testcase> <!-- tearDown -->
  <testcase classname="TestNGDemo.GroupingSauceDemo" name="LoginPage" time="0.0">
    <ignored/>
  </testcase> <!-- LoginPage -->
  <testcase classname="TestNGDemo.GroupingSauceDemo" name="OpenBrowsers" time="0.0">
    <ignored/>
  </testcase> <!-- OpenBrowsers -->
</testsuite> <!-- TearDownTest -->
