<?xml version="1.0" encoding="UTF-8"?>
<!-- Generated by org.testng.reporters.JUnitXMLReporter -->
<testsuite ignored="0" hostname="CFCOM4100" failures="0" tests="3" name="Default test" time="17.818" errors="0" timestamp="2025-02-10T17:00:37 IST">
  <testcase classname="TestNGDemo.DataProviderSauceDemo" name="LoginPage" time="6.701"/>
  <testcase classname="TestNGDemo.DataProviderSauceDemo" name="LoginPage" time="6.191"/>
  <testcase classname="TestNGDemo.DataProviderSauceDemo" name="LoginPage" time="4.84"/>
</testsuite> <!-- Default test -->
