<?xml version="1.0" encoding="UTF-8"?>
<!-- Generated by org.testng.reporters.JUnitXMLReporter -->
<testsuite ignored="0" hostname="CFCOM4100" failures="0" tests="4" name="Default test(failed)" time="11.825" errors="0" timestamp="2024-11-29T13:05:35 IST">
  <testcase classname="TestNGDemo.ParameterizedDemo" name="launchURL" time="4.365"/>
  <testcase classname="TestNGDemo.ParameterizedDemo" name="loginPage" time="2.394"/>
  <testcase classname="TestNGDemo.ParameterizedDemo" name="LogoutPage" time="4.328"/>
  <testcase classname="TestNGDemo.ParameterizedDemo" name="tearDown" time="0.654"/>
</testsuite> <!-- Default test(failed) -->
